2018-09-24 13:20:56,368 root            INFO     Starting..
2018-09-24 13:20:58,336 root            INFO     Connected with result code 0
2018-09-24 13:20:58,535 root            DEBUG    mounts/klerksdorp stopped
2018-09-24 13:20:58,566 root            DEBUG    mounts/manzilparkmasjid stopped
2018-09-24 13:20:58,588 root            DEBUG    mounts/greensidemasjid stopped
2018-09-24 13:20:58,625 root            DEBUG    mounts/buccleuch stopped
2018-09-24 13:20:58,656 root            DEBUG    mounts/mount started
2018-09-24 13:20:58,668 root            DEBUG    mounts/yusuf started
2018-09-24 13:20:58,690 root            DEBUG    mounts/test started
2018-09-24 13:20:58,699 root            DEBUG    mounts/ibrahimiyah stopped
2018-09-24 13:20:58,714 root            DEBUG    mounts/kmsz stopped
2018-09-24 13:20:58,723 root            DEBUG    mounts/kmsz.mp3 stopped
2018-09-24 13:20:58,736 root            DEBUG    mounts/dundee stopped
2018-09-24 13:20:58,746 root            DEBUG    mounts/masjidibrahim stopped
2018-09-24 13:20:58,754 root            DEBUG    mounts/masjidibrahim.mp3 stopped
2018-09-24 13:20:58,769 root            DEBUG    mounts/helderkruin stopped
2018-09-24 13:20:58,777 root            DEBUG    mounts/helderkruin.mp3 stopped
2018-09-24 13:20:58,786 root            DEBUG    mounts/makkah stopped
2018-09-24 13:20:58,801 root            DEBUG    mounts/medina stopped
2018-09-24 13:20:58,809 root            DEBUG    mounts/kia stopped
2018-09-24 13:20:58,823 root            DEBUG    mounts/hmjamaat stopped
2018-09-24 13:20:58,832 root            DEBUG    mounts/hmjamaat.mp3 stopped
2018-09-24 13:20:58,841 root            DEBUG    mounts/rustenburg stopped
2018-09-24 13:20:58,853 root            DEBUG    mounts/kimberley stopped
2018-09-24 13:20:58,864 root            DEBUG    mounts/empangeni stopped
2018-09-24 13:20:58,873 root            DEBUG    mounts/empangeni.mp3 stopped
2018-09-24 13:20:58,887 root            DEBUG    mounts/hma_furqaan stopped
2018-09-24 13:20:58,897 root            DEBUG    mounts/hma_furqaan.mp3 stopped
2018-09-24 13:20:58,906 root            DEBUG    mounts/westville stopped
2018-09-24 13:20:58,919 root            DEBUG    mounts/westville.mp3 stopped
2018-09-24 13:20:58,929 root            DEBUG    mounts/nurulhuda stopped
2018-09-24 13:20:58,937 root            DEBUG    mounts/nurulhuda.mp3 stopped
2018-09-24 13:20:58,952 root            DEBUG    mounts/umhlanga stopped
2018-09-24 13:20:58,960 root            DEBUG    mounts/umhlanga.mp3 stopped
2018-09-24 13:20:58,969 root            DEBUG    mounts/mountainrise stopped
2018-09-24 13:20:58,983 root            DEBUG    mounts/mountainrise.mp3 stopped
2018-09-24 13:20:58,992 root            DEBUG    mounts/britsjamia stopped
2018-09-24 13:20:59,004 root            DEBUG    mounts/britsjamia.mp3 stopped
2018-09-24 13:20:59,015 root            DEBUG    mounts/bergville stopped
2018-09-24 13:20:59,024 root            DEBUG    mounts/bergville.mp3 stopped
2018-09-24 13:20:59,039 root            DEBUG    mounts/miftahulkhair stopped
2018-09-24 13:20:59,047 root            DEBUG    mounts/miftahulkhair.mp3 stopped
2018-09-24 13:20:59,056 root            DEBUG    mounts/mackenzie stopped
2018-09-24 13:20:59,070 root            DEBUG    mounts/mackenzie.mp3 stopped
2018-09-24 13:20:59,079 root            DEBUG    mounts/maraisburg stopped
2018-09-24 13:20:59,094 root            DEBUG    mounts/kkm stopped
2018-09-24 13:20:59,103 root            DEBUG    mounts/kkm.mp3 stopped
2018-09-24 13:20:59,111 root            DEBUG    mounts/maraisburg.mp3 stopped
2018-09-24 13:20:59,123 root            DEBUG    mounts/noorlaudium stopped
2018-09-24 13:20:59,135 root            DEBUG    mounts/noorlaudium.mp3 stopped
2018-09-24 13:20:59,144 root            DEBUG    mounts/aucklandpark stopped
2018-09-24 13:20:59,159 root            DEBUG    mounts/aucklandpark.mp3 stopped
2018-09-24 13:20:59,168 root            DEBUG    mounts/lakewood stopped
2018-09-24 13:20:59,176 root            DEBUG    mounts/lakefield stopped
2018-09-24 13:20:59,190 root            DEBUG    mounts/lakewood.mp3 stopped
2018-09-24 13:20:59,199 root            DEBUG    mounts/lakefield.mp3 stopped
2018-09-24 13:20:59,208 root            DEBUG    mounts/rsvltmusalla stopped
2018-09-24 13:20:59,224 root            DEBUG    mounts/rsvltmusalla.mp3 stopped
2018-09-24 13:20:59,233 root            DEBUG    mounts/bilaalbenoni stopped
2018-09-24 13:20:59,241 root            DEBUG    mounts/bilaalbenoni.mp3 stopped
2018-09-24 13:20:59,256 root            DEBUG    mounts/noorlenasia stopped
2018-09-24 13:20:59,265 root            DEBUG    mounts/beyerspark stopped
2018-09-24 13:20:59,278 root            DEBUG    mounts/noorlenasia.mp3 stopped
2018-09-24 13:20:59,288 root            DEBUG    mounts/beyerspark.mp3 stopped
2018-09-24 13:20:59,297 root            DEBUG    mounts/glenwood stopped
2018-09-24 13:20:59,312 root            DEBUG    mounts/glenwood.mp3 stopped
2018-09-24 13:20:59,320 root            DEBUG    mounts/northcliff stopped
2018-09-24 13:20:59,328 root            DEBUG    mounts/northcliff.mp3 stopped
2018-09-24 13:20:59,343 root            DEBUG    mounts/noorroshnee stopped
2018-09-24 13:20:59,351 root            DEBUG    mounts/noorroshnee.mp3 stopped
2018-09-24 13:20:59,364 root            DEBUG    mounts/glenearn stopped
2018-09-24 13:20:59,375 root            DEBUG    mounts/glenearn.mp3 stopped
2018-09-24 13:20:59,383 root            DEBUG    mounts/shallcross stopped
2018-09-24 13:20:59,398 root            DEBUG    mounts/shallcross.mp3 stopped
2018-09-24 13:20:59,407 root            DEBUG    mounts/mlbham stopped
2018-09-24 13:20:59,415 root            DEBUG    mounts/noor stopped
2018-09-24 13:20:59,430 root            DEBUG    mounts/mlbham.mp3 stopped
2018-09-24 13:20:59,438 root            DEBUG    mounts/greensidemasjid.mp3 stopped
2018-09-24 13:20:59,453 root            DEBUG    mounts/amanzimtoti stopped
2018-09-24 13:20:59,462 root            DEBUG    mounts/amanzimtoti.mp3 stopped
2018-09-24 13:20:59,470 root            DEBUG    mounts/rynfield stopped
2018-09-24 13:20:59,485 root            DEBUG    mounts/rynfield.mp3 stopped
2018-09-24 13:20:59,493 root            DEBUG    mounts/saliheendbn stopped
2018-09-24 13:20:59,508 root            DEBUG    mounts/saliheendbn.mp3 stopped
2018-09-24 13:20:59,517 root            DEBUG    mounts/crowngardens stopped
2018-09-24 13:20:59,525 root            DEBUG    mounts/crowngardens.mp3 stopped
2018-09-24 13:20:59,540 root            DEBUG    mounts/stangermasjid stopped
2018-09-24 13:20:59,548 root            DEBUG    mounts/marlboromasjid stopped
2018-09-24 13:20:59,563 root            DEBUG    mounts/marlboromasjid.mp3 stopped
2018-09-24 13:20:59,572 root            DEBUG    mounts/salaamlaudium stopped
2018-09-24 13:20:59,596 root            DEBUG    mounts/salaamlaudium.mp3 stopped
2018-09-24 13:20:59,604 root            DEBUG    mounts/rynsoord stopped
2018-09-24 13:20:59,619 root            DEBUG    mounts/rynsoord.mp3 stopped
2018-09-24 13:20:59,628 root            DEBUG    mounts/saadiqeen stopped
2018-09-24 13:20:59,636 root            DEBUG    mounts/dundee.mp3 stopped
2018-09-24 13:20:59,651 root            DEBUG    mounts/saadiqeen.mp3 stopped
2018-09-24 13:20:59,659 root            DEBUG    mounts/mayfairjummah stopped
2018-09-24 13:20:59,674 root            DEBUG    mounts/mayfairjummah.mp3 stopped
2018-09-24 13:20:59,683 root            DEBUG    mounts/actonville stopped
2018-09-24 13:20:59,703 root            DEBUG    mounts/actonville.mp3 stopped
2018-09-24 13:20:59,716 root            DEBUG    mounts/buccleuch.mp3 stopped
2018-09-24 13:20:59,730 root            DEBUG    mounts/taqwabrits stopped
2018-09-24 13:20:59,756 root            DEBUG    mounts/masjidhamza stopped
2018-09-24 13:20:59,782 root            DEBUG    mounts/masjidhamza.mp3 stopped
2018-09-24 13:20:59,795 root            DEBUG    mounts/rmsc stopped
2018-09-24 13:20:59,805 root            DEBUG    mounts/rmsc.mp3 stopped
2018-09-24 13:20:59,814 root            DEBUG    mounts/linbropark stopped
2018-09-24 13:20:59,828 root            DEBUG    mounts/linbropark.mp3 stopped
2018-09-24 13:20:59,837 root            DEBUG    mounts/kai stopped
2018-09-24 13:20:59,846 root            DEBUG    mounts/crosby stopped
2018-09-24 13:20:59,860 root            DEBUG    mounts/taqwabrits.mp3 stopped
2018-09-24 13:20:59,869 root            DEBUG    mounts/cyrildene stopped
2018-09-24 13:20:59,883 root            DEBUG    mounts/cyrildene.mp3 stopped
2018-09-24 13:20:59,892 root            DEBUG    mounts/kimberley.mp3 stopped
2018-09-24 13:20:59,900 root            DEBUG    mounts/sautulquraan stopped
2018-09-24 13:20:59,909 root            DEBUG    mounts/mansoorpe stopped
2018-09-24 13:20:59,924 root            DEBUG    mounts/mansoorpe.mp3 stopped
2018-09-24 13:20:59,932 root            DEBUG    mounts/kenwyn stopped
2018-09-24 13:20:59,945 root            DEBUG    mounts/kenwyn.mp3 stopped
2018-09-24 13:20:59,956 root            DEBUG    mounts/imaamshaakir stopped
2018-09-24 13:20:59,964 root            DEBUG    mounts/taqwa stopped
2018-09-24 13:20:59,979 root            DEBUG    mounts/libasuttaqwa stopped
2018-09-24 13:20:59,987 root            DEBUG    mounts/newcastle stopped
2018-09-24 13:20:59,996 root            DEBUG    mounts/newcastle.mp3 stopped
2018-09-24 13:21:00,011 root            DEBUG    mounts/idauk stopped
2018-09-24 13:21:00,019 root            DEBUG    mounts/sautunnoor2 stopped
2018-09-24 13:21:00,033 root            DEBUG    mounts/tqinigeria stopped
2018-09-24 13:21:00,041 root            DEBUG    mounts/altarteel stopped
2018-09-24 13:21:00,051 root            DEBUG    mounts/sunford stopped
2018-09-24 13:21:00,059 root            DEBUG    mounts/sunford.mp3 stopped
2018-09-24 13:21:00,074 root            DEBUG    mounts/inaamiyyah stopped
2018-09-24 13:21:00,083 root            DEBUG    mounts/inaamiyyah.mp3 stopped
2018-09-24 13:21:00,094 root            DEBUG    mounts/siddiqnewcastle stopped
2018-09-24 13:21:00,106 root            DEBUG    mounts/siddiqnewcastle.mp3 stopped
2018-09-24 13:21:00,114 root            DEBUG    mounts/ibaadurrahmaanuitenhage stopped
2018-09-24 13:21:00,130 root            DEBUG    mounts/ibaadurrahmaanuitenhage.mp3 stopped
2018-09-24 13:21:00,138 root            DEBUG    mounts/muftisiraj stopped
2018-09-24 13:21:00,148 root            DEBUG    mounts/muftisiraj.mp3 stopped
2018-09-24 13:21:00,163 root            DEBUG    mounts/taqwaboys stopped
2018-09-24 13:21:00,171 root            DEBUG    mounts/middelburg stopped
2018-09-24 13:21:00,183 root            DEBUG    mounts/muftisalejee stopped
2018-09-24 13:21:00,194 root            DEBUG    mounts/dawatulhaq stopped
2018-09-24 13:21:00,203 root            DEBUG    mounts/ermelo stopped
2018-09-24 13:21:00,218 root            DEBUG    mounts/thejamiat stopped
2018-09-24 13:21:00,226 root            DEBUG    mounts/mlilyas stopped
2018-09-24 13:21:00,234 root            DEBUG    mounts/lsma stopped
2018-09-24 13:21:00,247 root            DEBUG    mounts/lsma.mp3 stopped
2018-09-24 13:21:00,258 root            DEBUG    mounts/mid stopped
2018-09-24 13:21:00,266 root            DEBUG    mounts/mlyusufbhikhoo stopped
2018-09-24 13:21:00,281 root            DEBUG    mounts/ciiob stopped
2018-09-24 13:21:00,289 root            DEBUG    mounts/evanspark stopped
2018-09-24 13:21:00,298 root            DEBUG    mounts/evanspark.mp3 stopped
2018-09-24 13:21:00,312 root            DEBUG    mounts/northcliffext stopped
2018-09-24 13:21:00,321 root            DEBUG    mounts/northcliffext.mp3 stopped
2018-09-24 13:21:00,333 root            DEBUG    mounts/may stopped
2018-09-24 13:21:00,344 root            DEBUG    mounts/may.mp3 stopped
2018-09-24 13:21:00,352 root            DEBUG    mounts/bandha stopped
2018-09-24 13:21:00,367 root            DEBUG    mounts/activestream started
2018-09-24 13:21:00,376 root            DEBUG    mounts/kszt stopped
2018-09-24 13:21:00,384 root            DEBUG    mounts/learndeen stopped
2018-09-24 13:21:00,396 root            DEBUG    mounts/mjmdars stopped
2018-09-24 13:21:00,407 root            DEBUG    mounts/duzak stopped
2018-09-24 13:21:00,416 root            DEBUG    mounts/duzak.mp3 stopped
2018-09-24 13:21:00,431 root            DEBUG    mounts/arilambat stopped
2018-09-24 13:21:00,439 root            DEBUG    mounts/annoor-relay started
2018-09-24 13:21:00,448 root            DEBUG    mounts/shafiqhajee stopped
2018-09-24 13:21:00,462 root            DEBUG    mounts/dua stopped
2018-09-24 13:21:00,471 root            DEBUG    mounts/muftiyusuf stopped
2018-09-24 13:21:00,483 root            DEBUG    mounts/mlridwaan stopped
2018-09-24 13:21:00,494 root            DEBUG    mounts/mubz stopped
2018-09-24 13:21:00,502 root            DEBUG    mounts/qariarishaq stopped
2018-09-24 13:21:00,517 root            DEBUG    mounts/robertsham stopped
2018-09-24 13:21:00,525 root            DEBUG    mounts/robertsham.mp3 stopped
2018-09-24 13:21:00,534 root            DEBUG    mounts/sawliheenpmb stopped
2018-09-24 13:21:00,546 root            DEBUG    mounts/sawliheenpmb.mp3 stopped
2018-09-24 13:21:00,557 root            DEBUG    mounts/northbeachdbn stopped
2018-09-24 13:21:00,566 root            DEBUG    mounts/northbeachdbn.mp3 stopped
2018-09-24 13:21:00,581 root            DEBUG    mounts/yusufmtest stopped
2018-09-24 13:21:00,589 root            DEBUG    mounts/eastlondon stopped
2018-09-24 13:21:00,598 root            DEBUG    mounts/thejamiat.mp3 stopped
2018-09-24 13:21:00,612 root            DEBUG    mounts/muftikhanpuri stopped
2018-09-24 13:21:00,621 root            DEBUG    mounts/umartest stopped
2018-09-24 13:21:00,633 root            DEBUG    mounts/umartest.mp3 stopped
2018-09-24 13:21:00,644 root            DEBUG    mounts/hmafurqaan stopped
2018-09-24 13:21:00,653 root            DEBUG    mounts/portshepstone stopped
2018-09-24 13:21:00,667 root            DEBUG    mounts/portshepstone.mp3 stopped
2018-09-24 13:21:00,676 root            DEBUG    mounts/noormarkaz stopped
2018-09-24 13:21:58,174 root            DEBUG    reloading config file
2018-09-24 13:22:58,240 root            DEBUG    reloading config file
2018-09-24 13:23:58,272 root            DEBUG    reloading config file
2018-09-24 13:24:58,337 root            DEBUG    reloading config file
2018-09-24 13:25:58,388 root            DEBUG    reloading config file
2018-09-24 13:26:58,450 root            DEBUG    reloading config file
2018-09-24 13:27:58,534 root            DEBUG    reloading config file
2018-09-24 13:28:58,583 root            DEBUG    reloading config file
2018-09-24 13:29:58,662 root            DEBUG    reloading config file
2018-09-24 13:30:58,720 root            DEBUG    reloading config file
2018-09-24 13:31:58,791 root            DEBUG    reloading config file
2018-09-24 13:32:58,839 root            DEBUG    reloading config file
2018-09-24 13:33:58,873 root            DEBUG    reloading config file
2018-09-24 13:34:58,958 root            DEBUG    reloading config file
2018-09-24 13:35:59,016 root            DEBUG    reloading config file
2018-09-24 13:36:59,081 root            DEBUG    reloading config file
2018-09-24 13:37:59,141 root            DEBUG    reloading config file
2018-09-24 13:38:59,200 root            DEBUG    reloading config file
2018-09-24 13:39:59,231 root            DEBUG    reloading config file
2018-09-24 13:40:59,271 root            DEBUG    reloading config file
2018-09-24 13:41:59,309 root            DEBUG    reloading config file
2018-09-24 13:42:59,360 root            DEBUG    reloading config file
2018-09-24 13:43:59,442 root            DEBUG    reloading config file
2018-09-24 13:50:53,625 root            INFO     Starting..
2018-09-24 13:50:54,612 root            INFO     Connected with result code 0
2018-09-24 13:50:54,797 root            DEBUG    mounts/klerksdorp stopped
2018-09-24 13:50:54,812 root            DEBUG    mounts/manzilparkmasjid stopped
2018-09-24 13:50:54,821 root            DEBUG    mounts/greensidemasjid stopped
2018-09-24 13:50:54,839 root            DEBUG    mounts/buccleuch stopped
2018-09-24 13:50:54,849 root            DEBUG    mounts/mount started
2018-09-24 13:50:54,862 root            DEBUG    mounts/yusuf started
2018-09-24 13:50:54,872 root            DEBUG    mounts/test started
2018-09-24 13:50:54,881 root            DEBUG    mounts/ibrahimiyah stopped
2018-09-24 13:50:54,896 root            DEBUG    mounts/kmsz stopped
2018-09-24 13:50:54,905 root            DEBUG    mounts/kmsz.mp3 stopped
2018-09-24 13:50:54,913 root            DEBUG    mounts/dundee stopped
2018-09-24 13:50:54,928 root            DEBUG    mounts/masjidibrahim stopped
2018-09-24 13:50:54,936 root            DEBUG    mounts/masjidibrahim.mp3 stopped
2018-09-24 13:50:54,951 root            DEBUG    mounts/helderkruin stopped
2018-09-24 13:50:54,959 root            DEBUG    mounts/helderkruin.mp3 stopped
2018-09-24 13:50:54,969 root            DEBUG    mounts/makkah stopped
2018-09-24 13:50:54,978 root            DEBUG    mounts/medina stopped
2018-09-24 13:50:54,993 root            DEBUG    mounts/kia stopped
2018-09-24 13:50:55,001 root            DEBUG    mounts/hmjamaat stopped
2018-09-24 13:50:55,015 root            DEBUG    mounts/hmjamaat.mp3 stopped
2018-09-24 13:50:55,025 root            DEBUG    mounts/rustenburg stopped
2018-09-24 13:50:55,034 root            DEBUG    mounts/kimberley stopped
2018-09-24 13:50:55,049 root            DEBUG    mounts/empangeni stopped
2018-09-24 13:50:55,057 root            DEBUG    mounts/empangeni.mp3 stopped
2018-09-24 13:50:55,066 root            DEBUG    mounts/hma_furqaan stopped
2018-09-24 13:50:55,082 root            DEBUG    mounts/hma_furqaan.mp3 stopped
2018-09-24 13:50:55,090 root            DEBUG    mounts/westville stopped
2018-09-24 13:50:55,102 root            DEBUG    mounts/westville.mp3 stopped
2018-09-24 13:50:55,114 root            DEBUG    mounts/nurulhuda stopped
2018-09-24 13:50:55,122 root            DEBUG    mounts/nurulhuda.mp3 stopped
2018-09-24 13:50:55,130 root            DEBUG    mounts/umhlanga stopped
2018-09-24 13:50:55,146 root            DEBUG    mounts/umhlanga.mp3 stopped
2018-09-24 13:50:55,154 root            DEBUG    mounts/mountainrise stopped
2018-09-24 13:50:55,163 root            DEBUG    mounts/mountainrise.mp3 stopped
2018-09-24 13:50:55,177 root            DEBUG    mounts/britsjamia stopped
2018-09-24 13:50:55,186 root            DEBUG    mounts/britsjamia.mp3 stopped
2018-09-24 13:50:55,201 root            DEBUG    mounts/bergville stopped
2018-09-24 13:50:55,209 root            DEBUG    mounts/bergville.mp3 stopped
2018-09-24 13:50:55,218 root            DEBUG    mounts/miftahulkhair stopped
2018-09-24 13:50:55,226 root            DEBUG    mounts/miftahulkhair.mp3 stopped
2018-09-24 13:50:55,242 root            DEBUG    mounts/mackenzie stopped
2018-09-24 13:50:55,250 root            DEBUG    mounts/mackenzie.mp3 stopped
2018-09-24 13:50:55,265 root            DEBUG    mounts/maraisburg stopped
2018-09-24 13:50:55,290 root            DEBUG    mounts/kkm stopped
2018-09-24 13:50:55,299 root            DEBUG    mounts/kkm.mp3 stopped
2018-09-24 13:50:55,317 root            DEBUG    mounts/maraisburg.mp3 stopped
2018-09-24 13:50:55,335 root            DEBUG    mounts/noorlaudium stopped
2018-09-24 13:50:55,361 root            DEBUG    mounts/noorlaudium.mp3 stopped
2018-09-24 13:50:55,369 root            DEBUG    mounts/aucklandpark stopped
2018-09-24 13:50:55,384 root            DEBUG    mounts/aucklandpark.mp3 stopped
2018-09-24 13:50:55,395 root            DEBUG    mounts/lakewood stopped
2018-09-24 13:50:55,403 root            DEBUG    mounts/lakefield stopped
2018-09-24 13:50:55,418 root            DEBUG    mounts/lakewood.mp3 stopped
2018-09-24 13:50:55,427 root            DEBUG    mounts/lakefield.mp3 stopped
2018-09-24 13:50:55,435 root            DEBUG    mounts/rsvltmusalla stopped
2018-09-24 13:50:55,450 root            DEBUG    mounts/rsvltmusalla.mp3 stopped
2018-09-24 13:50:55,459 root            DEBUG    mounts/bilaalbenoni stopped
2018-09-24 13:50:55,471 root            DEBUG    mounts/bilaalbenoni.mp3 stopped
2018-09-24 13:50:55,482 root            DEBUG    mounts/noorlenasia stopped
2018-09-24 13:50:55,491 root            DEBUG    mounts/beyerspark stopped
2018-09-24 13:50:55,506 root            DEBUG    mounts/noorlenasia.mp3 stopped
2018-09-24 13:50:55,514 root            DEBUG    mounts/beyerspark.mp3 stopped
2018-09-24 13:50:55,523 root            DEBUG    mounts/glenwood stopped
2018-09-24 13:50:55,538 root            DEBUG    mounts/glenwood.mp3 stopped
2018-09-24 13:50:55,546 root            DEBUG    mounts/northcliff stopped
2018-09-24 13:50:55,560 root            DEBUG    mounts/northcliff.mp3 stopped
2018-09-24 13:50:55,569 root            DEBUG    mounts/noorroshnee stopped
2018-09-24 13:50:55,578 root            DEBUG    mounts/noorroshnee.mp3 stopped
2018-09-24 13:50:55,586 root            DEBUG    mounts/glenearn stopped
2018-09-24 13:50:55,601 root            DEBUG    mounts/glenearn.mp3 stopped
2018-09-24 13:50:55,610 root            DEBUG    mounts/shallcross stopped
2018-09-24 13:50:55,625 root            DEBUG    mounts/shallcross.mp3 stopped
2018-09-24 13:50:55,633 root            DEBUG    mounts/mlbham stopped
2018-09-24 13:50:55,642 root            DEBUG    mounts/noor stopped
2018-09-24 13:50:55,656 root            DEBUG    mounts/mlbham.mp3 stopped
2018-09-24 13:50:55,666 root            DEBUG    mounts/greensidemasjid.mp3 stopped
2018-09-24 13:50:55,674 root            DEBUG    mounts/amanzimtoti stopped
2018-09-24 13:50:55,689 root            DEBUG    mounts/amanzimtoti.mp3 stopped
2018-09-24 13:50:55,698 root            DEBUG    mounts/rynfield stopped
2018-09-24 13:50:55,706 root            DEBUG    mounts/rynfield.mp3 stopped
2018-09-24 13:50:55,721 root            DEBUG    mounts/saliheendbn stopped
2018-09-24 13:50:55,729 root            DEBUG    mounts/saliheendbn.mp3 stopped
2018-09-24 13:50:55,745 root            DEBUG    mounts/crowngardens stopped
2018-09-24 13:50:55,753 root            DEBUG    mounts/crowngardens.mp3 stopped
2018-09-24 13:50:55,762 root            DEBUG    mounts/stangermasjid stopped
2018-09-24 13:50:55,774 root            DEBUG    mounts/marlboromasjid stopped
2018-09-24 13:50:55,785 root            DEBUG    mounts/marlboromasjid.mp3 stopped
2018-09-24 13:50:55,793 root            DEBUG    mounts/salaamlaudium stopped
2018-09-24 13:50:55,808 root            DEBUG    mounts/salaamlaudium.mp3 stopped
2018-09-24 13:50:55,817 root            DEBUG    mounts/rynsoord stopped
2018-09-24 13:50:55,825 root            DEBUG    mounts/rynsoord.mp3 stopped
2018-09-24 13:50:55,840 root            DEBUG    mounts/saadiqeen stopped
2018-09-24 13:50:55,849 root            DEBUG    mounts/dundee.mp3 stopped
2018-09-24 13:50:55,860 root            DEBUG    mounts/saadiqeen.mp3 stopped
2018-09-24 13:50:55,872 root            DEBUG    mounts/mayfairjummah stopped
2018-09-24 13:50:55,881 root            DEBUG    mounts/mayfairjummah.mp3 stopped
2018-09-24 13:50:55,896 root            DEBUG    mounts/actonville stopped
2018-09-24 13:50:55,904 root            DEBUG    mounts/actonville.mp3 stopped
2018-09-24 13:50:55,913 root            DEBUG    mounts/buccleuch.mp3 stopped
2018-09-24 13:50:55,928 root            DEBUG    mounts/taqwabrits stopped
2018-09-24 13:50:55,936 root            DEBUG    mounts/masjidhamza stopped
2018-09-24 13:50:55,951 root            DEBUG    mounts/masjidhamza.mp3 stopped
2018-09-24 13:50:55,959 root            DEBUG    mounts/rmsc stopped
2018-09-24 13:50:55,968 root            DEBUG    mounts/rmsc.mp3 stopped
2018-09-24 13:50:55,976 root            DEBUG    mounts/linbropark stopped
2018-09-24 13:50:55,991 root            DEBUG    mounts/linbropark.mp3 stopped
2018-09-24 13:50:56,000 root            DEBUG    mounts/kai stopped
2018-09-24 13:50:56,015 root            DEBUG    mounts/crosby stopped
2018-09-24 13:50:56,023 root            DEBUG    mounts/taqwabrits.mp3 stopped
2018-09-24 13:50:56,048 root            DEBUG    mounts/cyrildene stopped
2018-09-24 13:50:56,056 root            DEBUG    mounts/cyrildene.mp3 stopped
2018-09-24 13:50:56,070 root            DEBUG    mounts/kimberley.mp3 stopped
2018-09-24 13:50:56,079 root            DEBUG    mounts/sautulquraan stopped
2018-09-24 13:50:56,088 root            DEBUG    mounts/mansoorpe stopped
2018-09-24 13:50:56,097 root            DEBUG    mounts/mansoorpe.mp3 stopped
2018-09-24 13:50:56,112 root            DEBUG    mounts/kenwyn stopped
2018-09-24 13:50:56,121 root            DEBUG    mounts/kenwyn.mp3 stopped
2018-09-24 13:50:56,136 root            DEBUG    mounts/imaamshaakir stopped
2018-09-24 13:50:56,144 root            DEBUG    mounts/taqwa stopped
2018-09-24 13:50:56,153 root            DEBUG    mounts/libasuttaqwa stopped
2018-09-24 13:50:56,167 root            DEBUG    mounts/newcastle stopped
2018-09-24 13:50:56,177 root            DEBUG    mounts/newcastle.mp3 stopped
2018-09-24 13:50:56,185 root            DEBUG    mounts/idauk stopped
2018-09-24 13:50:56,197 root            DEBUG    mounts/sautunnoor2 stopped
2018-09-24 13:50:56,209 root            DEBUG    mounts/tqinigeria stopped
2018-09-24 13:50:56,217 root            DEBUG    mounts/altarteel stopped
2018-09-24 13:50:56,231 root            DEBUG    mounts/sunford stopped
2018-09-24 13:50:56,241 root            DEBUG    mounts/sunford.mp3 stopped
2018-09-24 13:50:56,249 root            DEBUG    mounts/inaamiyyah stopped
2018-09-24 13:50:56,264 root            DEBUG    mounts/inaamiyyah.mp3 stopped
2018-09-24 13:50:56,273 root            DEBUG    mounts/siddiqnewcastle stopped
2018-09-24 13:50:56,281 root            DEBUG    mounts/siddiqnewcastle.mp3 stopped
2018-09-24 13:50:56,294 root            DEBUG    mounts/ibaadurrahmaanuitenhage stopped
2018-09-24 13:50:56,305 root            DEBUG    mounts/ibaadurrahmaanuitenhage.mp3 stopped
2018-09-24 13:50:56,313 root            DEBUG    mounts/muftisiraj stopped
2018-09-24 13:50:56,329 root            DEBUG    mounts/muftisiraj.mp3 stopped
2018-09-24 13:50:57,128 root            DEBUG    mounts/taqwaboys stopped
2018-09-24 13:50:57,139 root            DEBUG    mounts/middelburg stopped
2018-09-24 13:50:57,153 root            DEBUG    mounts/muftisalejee stopped
2018-09-24 13:50:57,161 root            DEBUG    mounts/dawatulhaq stopped
2018-09-24 13:50:57,174 root            DEBUG    mounts/ermelo stopped
2018-09-24 13:50:57,184 root            DEBUG    mounts/thejamiat stopped
2018-09-24 13:50:57,193 root            DEBUG    mounts/mlilyas stopped
2018-09-24 13:50:57,208 root            DEBUG    mounts/lsma stopped
2018-09-24 13:50:57,217 root            DEBUG    mounts/lsma.mp3 stopped
2018-09-24 13:50:57,225 root            DEBUG    mounts/mid stopped
2018-09-24 13:50:57,240 root            DEBUG    mounts/mlyusufbhikhoo stopped
2018-09-24 13:50:57,248 root            DEBUG    mounts/ciiob stopped
2018-09-24 13:50:57,260 root            DEBUG    mounts/evanspark stopped
2018-09-24 13:50:57,272 root            DEBUG    mounts/evanspark.mp3 stopped
2018-09-24 13:50:57,280 root            DEBUG    mounts/northcliffext stopped
2018-09-24 13:50:57,295 root            DEBUG    mounts/northcliffext.mp3 stopped
2018-09-24 13:50:57,304 root            DEBUG    mounts/may stopped
2018-09-24 13:50:57,312 root            DEBUG    mounts/may.mp3 stopped
2018-09-24 13:50:57,327 root            DEBUG    mounts/bandha stopped
2018-09-24 13:50:57,336 root            DEBUG    mounts/activestream started
2018-09-24 13:50:57,350 root            DEBUG    mounts/kszt stopped
2018-09-24 13:50:57,359 root            DEBUG    mounts/learndeen stopped
2018-09-24 13:50:57,369 root            DEBUG    mounts/mjmdars stopped
2018-09-24 13:50:57,390 root            DEBUG    mounts/duzak stopped
2018-09-24 13:50:57,403 root            DEBUG    mounts/duzak.mp3 stopped
2018-09-24 13:50:57,432 root            DEBUG    mounts/arilambat stopped
2018-09-24 13:50:57,455 root            DEBUG    mounts/annoor-relay started
2018-09-24 13:50:57,475 root            DEBUG    mounts/shafiqhajee stopped
2018-09-24 13:50:57,499 root            DEBUG    mounts/dua stopped
2018-09-24 13:50:57,525 root            DEBUG    mounts/muftiyusuf stopped
2018-09-24 13:50:57,533 root            DEBUG    mounts/mlridwaan stopped
2018-09-24 13:50:57,544 root            DEBUG    mounts/mubz stopped
2018-09-24 13:50:57,557 root            DEBUG    mounts/qariarishaq stopped
2018-09-24 13:50:57,567 root            DEBUG    mounts/robertsham stopped
2018-09-24 13:50:57,576 root            DEBUG    mounts/robertsham.mp3 stopped
2018-09-24 13:50:57,591 root            DEBUG    mounts/sawliheenpmb stopped
2018-09-24 13:50:57,599 root            DEBUG    mounts/sawliheenpmb.mp3 stopped
2018-09-24 13:50:57,608 root            DEBUG    mounts/northbeachdbn stopped
2018-09-24 13:50:57,616 root            DEBUG    mounts/northbeachdbn.mp3 stopped
2018-09-24 13:50:57,631 root            DEBUG    mounts/yusufmtest stopped
2018-09-24 13:50:57,640 root            DEBUG    mounts/eastlondon stopped
2018-09-24 13:50:57,655 root            DEBUG    mounts/thejamiat.mp3 stopped
2018-09-24 13:50:57,663 root            DEBUG    mounts/muftikhanpuri stopped
2018-09-24 13:50:57,672 root            DEBUG    mounts/umartest stopped
2018-09-24 13:50:57,684 root            DEBUG    mounts/umartest.mp3 stopped
2018-09-24 13:50:57,695 root            DEBUG    mounts/hmafurqaan stopped
2018-09-24 13:50:57,704 root            DEBUG    mounts/portshepstone stopped
2018-09-24 13:50:57,719 root            DEBUG    mounts/portshepstone.mp3 stopped
2018-09-24 13:50:57,727 root            DEBUG    mounts/noormarkaz stopped
2018-09-24 13:51:54,465 root            DEBUG    reloading config file
2018-09-24 13:52:54,505 root            DEBUG    reloading config file
2018-09-24 13:53:54,556 root            DEBUG    reloading config file
2018-09-24 13:54:54,605 root            DEBUG    reloading config file
2018-09-24 13:55:54,641 root            DEBUG    reloading config file
2018-09-24 13:56:54,694 root            DEBUG    reloading config file
2018-09-24 13:57:54,723 root            DEBUG    reloading config file
2018-09-24 13:58:54,767 root            DEBUG    reloading config file
